<?xml version="1.0" encoding="utf-8"?><testsuites name="pytest tests"><testsuite name="pytest" errors="0" failures="0" skipped="0" tests="23" time="11.308" timestamp="2026-06-24T09:11:20.950044+00:00" hostname="agent-env-74300d4d-9974-46e9-ae4e-c17125f72b48"><testcase classname="backend.tests.test_hospital_api.TestAuth" name="test_login_admin" time="0.426" /><testcase classname="backend.tests.test_hospital_api.TestAuth" name="test_login_doctor" time="0.316" /><testcase classname="backend.tests.test_hospital_api.TestAuth" name="test_login_receptionist" time="0.358" /><testcase classname="backend.tests.test_hospital_api.TestAuth" name="test_login_patient" time="0.348" /><testcase classname="backend.tests.test_hospital_api.TestAuth" name="test_login_invalid" time="0.126" /><testcase classname="backend.tests.test_hospital_api.TestAuth" name="test_me_endpoint" time="0.378" /><testcase classname="backend.tests.test_hospital_api.TestAuth" name="test_register_new_patient" time="0.318" /><testcase classname="backend.tests.test_hospital_api.TestRBAC" name="test_patient_cannot_access_admin_stats" time="0.396" /><testcase classname="backend.tests.test_hospital_api.TestRBAC" name="test_doctor_cannot_access_admin_stats" time="0.388" /><testcase classname="backend.tests.test_hospital_api.TestRBAC" name="test_recep_cannot_access_admin_stats" time="0.356" /><testcase classname="backend.tests.test_hospital_api.TestRBAC" name="test_unauth_admin_stats" time="0.094" /><testcase classname="backend.tests.test_hospital_api.TestAdminStats" name="test_stats_shape_and_values" time="0.358" /><testcase classname="backend.tests.test_hospital_api.TestDoctorCRUD" name="test_create_list_delete_doctor" time="0.918" /><testcase classname="backend.tests.test_hospital_api.TestOtherCRUD" name="test_dept_crud" time="0.443" /><testcase classname="backend.tests.test_hospital_api.TestOtherCRUD" name="test_receptionist_crud" time="0.751" /><testcase classname="backend.tests.test_hospital_api.TestOtherCRUD" name="test_walkin_patient" time="0.614" /><testcase classname="backend.tests.test_hospital_api.TestAppointmentFlow" name="test_patient_book_and_cancel" time="0.595" /><testcase classname="backend.tests.test_hospital_api.TestAppointmentFlow" name="test_patient_cannot_complete_appt" time="0.549" /><testcase classname="backend.tests.test_hospital_api.TestPrescription" name="test_doctor_writes_prescription" time="0.913" /><testcase classname="backend.tests.test_hospital_api.TestBillingPDF" name="test_create_and_pay_billing" time="0.544" /><testcase classname="backend.tests.test_hospital_api.TestBillingPDF" name="test_patient_pdf_own_bill" time="0.426" /><testcase classname="backend.tests.test_hospital_api.TestBillingPDF" name="test_patient_cannot_access_others_pdf" time="0.769" /><testcase classname="backend.tests.test_hospital_api.TestBillingPDF" name="test_recep_can_access_any_pdf" time="0.759" /></testsuite></testsuites>